<?xml version="1.0" encoding="UTF-8"?>
<testsuite xmlns:xsi="http://www.w3.org/2001/XMLSchema-instance" xsi:noNamespaceSchemaLocation="https://maven.apache.org/surefire/maven-surefire-plugin/xsd/surefire-test-report-3.0.xsd" version="3.0" name="com.juaracoding.cicd.CommandProcessorTest" time="1.044" tests="33" errors="3" skipped="0" failures="1">
  <properties>
    <property name="java.specification.version" value="17"/>
    <property name="sun.cpu.isalist" value="amd64"/>
    <property name="sun.jnu.encoding" value="Cp1252"/>
    <property name="java.class.path" value="D:\CICD day5\javaProgram\testcicd\target\test-classes;D:\CICD day5\javaProgram\testcicd\target\classes;C:\Users\PT-DIKA\.m2\repository\com\squareup\okhttp3\okhttp\4.12.0\okhttp-4.12.0.jar;C:\Users\PT-DIKA\.m2\repository\com\squareup\okio\okio\3.6.0\okio-3.6.0.jar;C:\Users\PT-DIKA\.m2\repository\com\squareup\okio\okio-jvm\3.6.0\okio-jvm-3.6.0.jar;C:\Users\PT-DIKA\.m2\repository\org\jetbrains\kotlin\kotlin-stdlib-common\1.9.10\kotlin-stdlib-common-1.9.10.jar;C:\Users\PT-DIKA\.m2\repository\org\jetbrains\kotlin\kotlin-stdlib-jdk8\1.8.21\kotlin-stdlib-jdk8-1.8.21.jar;C:\Users\PT-DIKA\.m2\repository\org\jetbrains\kotlin\kotlin-stdlib\1.8.21\kotlin-stdlib-1.8.21.jar;C:\Users\PT-DIKA\.m2\repository\org\jetbrains\annotations\13.0\annotations-13.0.jar;C:\Users\PT-DIKA\.m2\repository\org\jetbrains\kotlin\kotlin-stdlib-jdk7\1.8.21\kotlin-stdlib-jdk7-1.8.21.jar;C:\Users\PT-DIKA\.m2\repository\com\google\code\gson\gson\2.10.1\gson-2.10.1.jar;C:\Users\PT-DIKA\.m2\repository\org\fusesource\jansi\jansi\2.4.1\jansi-2.4.1.jar;C:\Users\PT-DIKA\.m2\repository\org\junit\jupiter\junit-jupiter-engine\5.10.1\junit-jupiter-engine-5.10.1.jar;C:\Users\PT-DIKA\.m2\repository\org\junit\platform\junit-platform-engine\1.10.1\junit-platform-engine-1.10.1.jar;C:\Users\PT-DIKA\.m2\repository\org\opentest4j\opentest4j\1.3.0\opentest4j-1.3.0.jar;C:\Users\PT-DIKA\.m2\repository\org\junit\platform\junit-platform-commons\1.10.1\junit-platform-commons-1.10.1.jar;C:\Users\PT-DIKA\.m2\repository\org\junit\jupiter\junit-jupiter-api\5.10.1\junit-jupiter-api-5.10.1.jar;C:\Users\PT-DIKA\.m2\repository\org\apiguardian\apiguardian-api\1.1.2\apiguardian-api-1.1.2.jar;C:\Users\PT-DIKA\.m2\repository\org\junit\jupiter\junit-jupiter-params\5.10.1\junit-jupiter-params-5.10.1.jar;C:\Users\PT-DIKA\.m2\repository\org\mockito\mockito-core\5.7.0\mockito-core-5.7.0.jar;C:\Users\PT-DIKA\.m2\repository\net\bytebuddy\byte-buddy\1.14.9\byte-buddy-1.14.9.jar;C:\Users\PT-DIKA\.m2\repository\net\bytebuddy\byte-buddy-agent\1.14.9\byte-buddy-agent-1.14.9.jar;C:\Users\PT-DIKA\.m2\repository\org\objenesis\objenesis\3.3\objenesis-3.3.jar;C:\Users\PT-DIKA\.m2\repository\org\mockito\mockito-junit-jupiter\5.7.0\mockito-junit-jupiter-5.7.0.jar;C:\Users\PT-DIKA\.m2\repository\org\assertj\assertj-core\3.24.2\assertj-core-3.24.2.jar;"/>
    <property name="java.vm.vendor" value="Oracle Corporation"/>
    <property name="sun.arch.data.model" value="64"/>
    <property name="user.variant" value=""/>
    <property name="java.vendor.url" value="https://java.oracle.com/"/>
    <property name="user.timezone" value="Asia/Jakarta"/>
    <property name="os.name" value="Windows 11"/>
    <property name="java.vm.specification.version" value="17"/>
    <property name="sun.java.launcher" value="SUN_STANDARD"/>
    <property name="user.country" value="ID"/>
    <property name="sun.boot.library.path" value="C:\Program Files\Java\jdk-17\bin"/>
    <property name="sun.java.command" value="C:\Users\PT-DIKA\AppData\Local\Temp\surefire1543699679996862746\surefirebooter-20250603120157209_3.jar C:\Users\PT-DIKA\AppData\Local\Temp\surefire1543699679996862746 2025-06-03T12-01-57_071-jvmRun1 surefire-20250603120157209_1tmp surefire_0-20250603120157209_2tmp"/>
    <property name="jdk.debug" value="release"/>
    <property name="surefire.test.class.path" value="D:\CICD day5\javaProgram\testcicd\target\test-classes;D:\CICD day5\javaProgram\testcicd\target\classes;C:\Users\PT-DIKA\.m2\repository\com\squareup\okhttp3\okhttp\4.12.0\okhttp-4.12.0.jar;C:\Users\PT-DIKA\.m2\repository\com\squareup\okio\okio\3.6.0\okio-3.6.0.jar;C:\Users\PT-DIKA\.m2\repository\com\squareup\okio\okio-jvm\3.6.0\okio-jvm-3.6.0.jar;C:\Users\PT-DIKA\.m2\repository\org\jetbrains\kotlin\kotlin-stdlib-common\1.9.10\kotlin-stdlib-common-1.9.10.jar;C:\Users\PT-DIKA\.m2\repository\org\jetbrains\kotlin\kotlin-stdlib-jdk8\1.8.21\kotlin-stdlib-jdk8-1.8.21.jar;C:\Users\PT-DIKA\.m2\repository\org\jetbrains\kotlin\kotlin-stdlib\1.8.21\kotlin-stdlib-1.8.21.jar;C:\Users\PT-DIKA\.m2\repository\org\jetbrains\annotations\13.0\annotations-13.0.jar;C:\Users\PT-DIKA\.m2\repository\org\jetbrains\kotlin\kotlin-stdlib-jdk7\1.8.21\kotlin-stdlib-jdk7-1.8.21.jar;C:\Users\PT-DIKA\.m2\repository\com\google\code\gson\gson\2.10.1\gson-2.10.1.jar;C:\Users\PT-DIKA\.m2\repository\org\fusesource\jansi\jansi\2.4.1\jansi-2.4.1.jar;C:\Users\PT-DIKA\.m2\repository\org\junit\jupiter\junit-jupiter-engine\5.10.1\junit-jupiter-engine-5.10.1.jar;C:\Users\PT-DIKA\.m2\repository\org\junit\platform\junit-platform-engine\1.10.1\junit-platform-engine-1.10.1.jar;C:\Users\PT-DIKA\.m2\repository\org\opentest4j\opentest4j\1.3.0\opentest4j-1.3.0.jar;C:\Users\PT-DIKA\.m2\repository\org\junit\platform\junit-platform-commons\1.10.1\junit-platform-commons-1.10.1.jar;C:\Users\PT-DIKA\.m2\repository\org\junit\jupiter\junit-jupiter-api\5.10.1\junit-jupiter-api-5.10.1.jar;C:\Users\PT-DIKA\.m2\repository\org\apiguardian\apiguardian-api\1.1.2\apiguardian-api-1.1.2.jar;C:\Users\PT-DIKA\.m2\repository\org\junit\jupiter\junit-jupiter-params\5.10.1\junit-jupiter-params-5.10.1.jar;C:\Users\PT-DIKA\.m2\repository\org\mockito\mockito-core\5.7.0\mockito-core-5.7.0.jar;C:\Users\PT-DIKA\.m2\repository\net\bytebuddy\byte-buddy\1.14.9\byte-buddy-1.14.9.jar;C:\Users\PT-DIKA\.m2\repository\net\bytebuddy\byte-buddy-agent\1.14.9\byte-buddy-agent-1.14.9.jar;C:\Users\PT-DIKA\.m2\repository\org\objenesis\objenesis\3.3\objenesis-3.3.jar;C:\Users\PT-DIKA\.m2\repository\org\mockito\mockito-junit-jupiter\5.7.0\mockito-junit-jupiter-5.7.0.jar;C:\Users\PT-DIKA\.m2\repository\org\assertj\assertj-core\3.24.2\assertj-core-3.24.2.jar;"/>
    <property name="sun.cpu.endian" value="little"/>
    <property name="user.home" value="C:\Users\PT-DIKA"/>
    <property name="user.language" value="en"/>
    <property name="java.specification.vendor" value="Oracle Corporation"/>
    <property name="java.version.date" value="2023-10-17"/>
    <property name="java.home" value="C:\Program Files\Java\jdk-17"/>
    <property name="file.separator" value="\"/>
    <property name="basedir" value="D:\CICD day5\javaProgram\testcicd"/>
    <property name="java.vm.compressedOopsMode" value="Zero based"/>
    <property name="line.separator" value="&#10;"/>
    <property name="java.vm.specification.vendor" value="Oracle Corporation"/>
    <property name="java.specification.name" value="Java Platform API Specification"/>
    <property name="surefire.real.class.path" value="C:\Users\PT-DIKA\AppData\Local\Temp\surefire1543699679996862746\surefirebooter-20250603120157209_3.jar"/>
    <property name="user.script" value=""/>
    <property name="sun.management.compiler" value="HotSpot 64-Bit Tiered Compilers"/>
    <property name="java.runtime.version" value="17.0.9+11-LTS-201"/>
    <property name="user.name" value="PT-DIKA"/>
    <property name="path.separator" value=";"/>
    <property name="os.version" value="10.0"/>
    <property name="java.runtime.name" value="Java(TM) SE Runtime Environment"/>
    <property name="file.encoding" value="Cp1252"/>
    <property name="java.vm.name" value="Java HotSpot(TM) 64-Bit Server VM"/>
    <property name="localRepository" value="C:\Users\PT-DIKA\.m2\repository"/>
    <property name="java.vendor.url.bug" value="https://bugreport.java.com/bugreport/"/>
    <property name="java.io.tmpdir" value="C:\Users\PT-DIKA\AppData\Local\Temp\"/>
    <property name="java.version" value="17.0.9"/>
    <property name="user.dir" value="D:\CICD day5\javaProgram\testcicd"/>
    <property name="os.arch" value="amd64"/>
    <property name="java.vm.specification.name" value="Java Virtual Machine Specification"/>
    <property name="sun.os.patch.level" value=""/>
    <property name="native.encoding" value="Cp1252"/>
    <property name="java.library.path" value="C:\Program Files\Java\jdk-17\bin;C:\WINDOWS\Sun\Java\bin;C:\WINDOWS\system32;C:\WINDOWS;C:\Ruby33-x64\bin;C:\Program Files\NVIDIA GPU Computing Toolkit\CUDA\v12.1\bin;C:\Program Files\NVIDIA GPU Computing Toolkit\CUDA\v12.1\libnvvp;C:\Program Files\Common Files\Oracle\Java\javapath;C:\Program Files\NVIDIA GPU Computing Toolkit\CUDA\v11.8\bin;C:\Program Files\NVIDIA GPU Computing Toolkit\CUDA\v11.8\libnvvp;C:\windows\system32;C:\windows;C:\windows\System32\Wbem;C:\windows\System32\WindowsPowerShell\v1.0\;C:\windows\System32\OpenSSH\;C:\Program Files (x86)\NVIDIA Corporation\PhysX\Common;C:\Users\Administrator\AppData\Local\Microsoft\WindowsApps;C:\Windows;C:\Windows\System32;C:\Windows\System32\WindowsPowerShell\v1.0\;C:\Program Files\HP\OMEN-Broadcast\Common;C:\Program Files\dotnet\;D:\ffmpeg-6.1-full_build\ffmpeg-6.1-full_build\bin;C:\Program Files\PuTTY\;C:\Program Files\nodejs\;C:\Program Files (x86)\Windows Kits\10\Windows Performance Toolkit\;D:\OpenCV\opencv\build\x64\vc16\bin\;D:\OpenCV\opencv\build\x64\vc16\lib\;D:\OpenCV\opencv\build\java\x64;C:\Program Files\Git\cmd;D:\apache-maven-3.9.9-bin\apache-maven-3.9.9\bin;C:\Program Files (x86)\AOMEI\AOMEI Backupper\7.4.1;C:\Program Files\Docker\Docker\resources\bin;C:\WINDOWS\system32;C:\WINDOWS;C:\WINDOWS\System32\Wbem;C:\WINDOWS\System32\WindowsPowerShell\v1.0\;C:\WINDOWS\System32\OpenSSH\;C:\Program Files (x86)\Bitvise SSH Client;C:\Program Files\NVIDIA Corporation\NVIDIA app\NvDLISR;D:\xampp2\mysql\bin;C:\Users\PT-DIKA\.local\bin;C:\Users\PT-DIKA\AppData\Local\Programs\Python\Python310\Scripts\;C:\Users\PT-DIKA\AppData\Local\Programs\Python\Python310\;C:\Users\PT-DIKA\AppData\Local\Microsoft\WindowsApps;C:\Users\PT-DIKA\AppData\Local\Programs\Microsoft VS Code\bin;C:\Users\PT-DIKA\AppData\Roaming\npm;C:\Program Files\JetBrains\IntelliJ IDEA Community Edition 2023.3.2\bin;;C:\Program Files\mitmproxy\bin;D:\OpenCV\opencv\build\java\x64;C:\Users\PT-DIKA\AppData\Local\Programs\Ollama;;c:\Users\PT-DIKA\AppData\Roaming\Code\User\globalStorage\github.copilot-chat\debugCommand;."/>
    <property name="java.vm.info" value="mixed mode, sharing"/>
    <property name="java.vendor" value="Oracle Corporation"/>
    <property name="java.vm.version" value="17.0.9+11-LTS-201"/>
    <property name="sun.io.unicode.encoding" value="UnicodeLittle"/>
    <property name="java.class.version" value="61.0"/>
  </properties>
  <testcase name="shouldMaintainCommandProcessingStateCorrectly" classname="com.juaracoding.cicd.CommandProcessorTest" time="0.829"/>
  <testcase name="shouldHandlePersonaCommandWithMultipleArguments" classname="com.juaracoding.cicd.CommandProcessorTest" time="0.02">
    <error message="&#10;Strict stubbing argument mismatch. Please check:&#10; - this invocation of &apos;setPersona&apos; method:&#10;    mockPersonaManager.setPersona(&#10;    &quot;creative extra arguments&quot;&#10;);&#10;    -&gt; at com.juaracoding.cicd.CommandProcessor.handlePersonaCommand(CommandProcessor.java:56)&#10; - has following stubbing(s) with different arguments:&#10;    1. mockPersonaManager.setPersona(&quot;creative&quot;);&#10;      -&gt; at com.juaracoding.cicd.CommandProcessorTest.shouldHandlePersonaCommandWithMultipleArguments(CommandProcessorTest.java:145)&#10;Typically, stubbing argument mismatch indicates user mistake when writing tests.&#10;Mockito fails early so that you can debug potential problem easily.&#10;However, there are legit scenarios when this exception generates false negative signal:&#10;  - stubbing the same method multiple times using &apos;given().will()&apos; or &apos;when().then()&apos; API&#10;    Please use &apos;will().given()&apos; or &apos;doReturn().when()&apos; API for stubbing.&#10;  - stubbed method is intentionally invoked with different arguments by code under test&#10;    Please use default or &apos;silent&apos; JUnit Rule (equivalent of Strictness.LENIENT).&#10;For more information see javadoc for PotentialStubbingProblem class." type="org.mockito.exceptions.misusing.PotentialStubbingProblem"><![CDATA[org.mockito.exceptions.misusing.PotentialStubbingProblem: 

Strict stubbing argument mismatch. Please check:
 - this invocation of 'setPersona' method:
    mockPersonaManager.setPersona(
    "creative extra arguments"
);
    -> at com.juaracoding.cicd.CommandProcessor.handlePersonaCommand(CommandProcessor.java:56)
 - has following stubbing(s) with different arguments:
    1. mockPersonaManager.setPersona("creative");
      -> at com.juaracoding.cicd.CommandProcessorTest.shouldHandlePersonaCommandWithMultipleArguments(CommandProcessorTest.java:145)
Typically, stubbing argument mismatch indicates user mistake when writing tests.
Mockito fails early so that you can debug potential problem easily.
However, there are legit scenarios when this exception generates false negative signal:
  - stubbing the same method multiple times using 'given().will()' or 'when().then()' API
    Please use 'will().given()' or 'doReturn().when()' API for stubbing.
  - stubbed method is intentionally invoked with different arguments by code under test
    Please use default or 'silent' JUnit Rule (equivalent of Strictness.LENIENT).
For more information see javadoc for PotentialStubbingProblem class.
	at com.juaracoding.cicd.PersonaManager.setPersona(PersonaManager.java:44)
	at com.juaracoding.cicd.CommandProcessor.handlePersonaCommand(CommandProcessor.java:56)
	at com.juaracoding.cicd.CommandProcessor.processCommand(CommandProcessor.java:32)
	at com.juaracoding.cicd.CommandProcessorTest.shouldHandlePersonaCommandWithMultipleArguments(CommandProcessorTest.java:149)
	at java.base/java.lang.reflect.Method.invoke(Method.java:568)
	at java.base/java.util.ArrayList.forEach(ArrayList.java:1511)
	at java.base/java.util.ArrayList.forEach(ArrayList.java:1511)
]]></error>
  </testcase>
  <testcase name="shouldNotProcessNonCommandInput" classname="com.juaracoding.cicd.CommandProcessorTest" time="0.002"/>
  <testcase name="shouldHandlePersonaCommandWithInvalidPersona" classname="com.juaracoding.cicd.CommandProcessorTest" time="0.003"/>
  <testcase name="shouldHandlePersonaCommandWithoutArgument" classname="com.juaracoding.cicd.CommandProcessorTest" time="0.002"/>
  <testcase name="shouldHandleExitCommands(String)[1]" classname="com.juaracoding.cicd.CommandProcessorTest" time="0.022"/>
  <testcase name="shouldHandleExitCommands(String)[2]" classname="com.juaracoding.cicd.CommandProcessorTest" time="0.004"/>
  <testcase name="shouldHandleUnknownCommands(String)[1]" classname="com.juaracoding.cicd.CommandProcessorTest" time="0.005"/>
  <testcase name="shouldHandleUnknownCommands(String)[2]" classname="com.juaracoding.cicd.CommandProcessorTest" time="0.002"/>
  <testcase name="shouldHandleUnknownCommands(String)[3]" classname="com.juaracoding.cicd.CommandProcessorTest" time="0.003"/>
  <testcase name="shouldHandleUnknownCommands(String)[4]" classname="com.juaracoding.cicd.CommandProcessorTest" time="0.003"/>
  <testcase name="shouldCorrectlyIdentifyExitCommands(String)[1]" classname="com.juaracoding.cicd.CommandProcessorTest" time="0.002"/>
  <testcase name="shouldCorrectlyIdentifyExitCommands(String)[2]" classname="com.juaracoding.cicd.CommandProcessorTest" time="0.002"/>
  <testcase name="shouldCorrectlyIdentifyExitCommands(String)[3]" classname="com.juaracoding.cicd.CommandProcessorTest" time="0.002"/>
  <testcase name="shouldCorrectlyIdentifyExitCommands(String)[4]" classname="com.juaracoding.cicd.CommandProcessorTest" time="0.002"/>
  <testcase name="shouldCorrectlyIdentifyExitCommands(String)[5]" classname="com.juaracoding.cicd.CommandProcessorTest" time="0.003"/>
  <testcase name="shouldCorrectlyIdentifyExitCommands(String)[6]" classname="com.juaracoding.cicd.CommandProcessorTest" time="0.003"/>
  <testcase name="shouldHandleCommandsWithExtraWhitespace" classname="com.juaracoding.cicd.CommandProcessorTest" time="0.01">
    <failure message="&#10;Expecting value to be true but was false" type="org.opentest4j.AssertionFailedError"><![CDATA[org.opentest4j.AssertionFailedError: 

Expecting value to be true but was false
	at java.base/jdk.internal.reflect.NativeConstructorAccessorImpl.newInstance0(Native Method)
	at java.base/jdk.internal.reflect.NativeConstructorAccessorImpl.newInstance(NativeConstructorAccessorImpl.java:77)
	at java.base/jdk.internal.reflect.DelegatingConstructorAccessorImpl.newInstance(DelegatingConstructorAccessorImpl.java:45)
	at java.base/java.lang.reflect.Constructor.newInstanceWithCaller(Constructor.java:499)
	at com.juaracoding.cicd.CommandProcessorTest.shouldHandleCommandsWithExtraWhitespace(CommandProcessorTest.java:224)
	at java.base/java.lang.reflect.Method.invoke(Method.java:568)
	at java.base/java.util.ArrayList.forEach(ArrayList.java:1511)
	at java.base/java.util.ArrayList.forEach(ArrayList.java:1511)
]]></failure>
  </testcase>
  <testcase name="shouldHandleClearCommand" classname="com.juaracoding.cicd.CommandProcessorTest" time="0.002"/>
  <testcase name="shouldCorrectlyIdentifyNonExitCommands(String)[1]" classname="com.juaracoding.cicd.CommandProcessorTest" time="0.0"/>
  <testcase name="shouldCorrectlyIdentifyNonExitCommands(String)[2]" classname="com.juaracoding.cicd.CommandProcessorTest" time="0.003"/>
  <testcase name="shouldCorrectlyIdentifyNonExitCommands(String)[3]" classname="com.juaracoding.cicd.CommandProcessorTest" time="0.001"/>
  <testcase name="shouldCorrectlyIdentifyNonExitCommands(String)[4]" classname="com.juaracoding.cicd.CommandProcessorTest" time="0.001"/>
  <testcase name="shouldCorrectlyIdentifyNonExitCommands(String)[5]" classname="com.juaracoding.cicd.CommandProcessorTest" time="0.0"/>
  <testcase name="shouldCorrectlyIdentifyNonExitCommands(String)[6]" classname="com.juaracoding.cicd.CommandProcessorTest" time="0.002"/>
  <testcase name="shouldHandlePersonaCommandWithValidPersona" classname="com.juaracoding.cicd.CommandProcessorTest" time="0.003"/>
  <testcase name="shouldHandleListPersonasCommand" classname="com.juaracoding.cicd.CommandProcessorTest" time="0.002"/>
  <testcase name="shouldNotProcessNullOrEmptyInput(String)[1]" classname="com.juaracoding.cicd.CommandProcessorTest" time="0.002">
    <error message="Cannot invoke &quot;String.startsWith(String)&quot; because &quot;input&quot; is null" type="java.lang.NullPointerException"><![CDATA[java.lang.NullPointerException: Cannot invoke "String.startsWith(String)" because "input" is null
	at com.juaracoding.cicd.CommandProcessor.processCommand(CommandProcessor.java:13)
	at com.juaracoding.cicd.CommandProcessorTest.shouldNotProcessNullOrEmptyInput(CommandProcessorTest.java:187)
	at java.base/java.lang.reflect.Method.invoke(Method.java:568)
	at java.base/java.util.stream.ForEachOps$ForEachOp$OfRef.accept(ForEachOps.java:183)
	at java.base/java.util.stream.ReferencePipeline$3$1.accept(ReferencePipeline.java:197)
	at java.base/java.util.stream.ReferencePipeline$2$1.accept(ReferencePipeline.java:179)
	at java.base/java.util.stream.ReferencePipeline$3$1.accept(ReferencePipeline.java:197)
	at java.base/java.util.stream.ForEachOps$ForEachOp$OfRef.accept(ForEachOps.java:183)
	at java.base/java.util.stream.ReferencePipeline$3$1.accept(ReferencePipeline.java:197)
	at java.base/java.util.stream.ReferencePipeline$3$1.accept(ReferencePipeline.java:197)
	at java.base/java.util.stream.ReferencePipeline$3$1.accept(ReferencePipeline.java:197)
	at java.base/java.util.stream.Streams$StreamBuilderImpl.forEachRemaining(Streams.java:411)
	at java.base/java.util.stream.ReferencePipeline$Head.forEach(ReferencePipeline.java:762)
	at java.base/java.util.stream.ReferencePipeline$7$1.accept(ReferencePipeline.java:276)
	at java.base/java.util.stream.ReferencePipeline$3$1.accept(ReferencePipeline.java:197)
	at java.base/java.util.stream.ReferencePipeline$3$1.accept(ReferencePipeline.java:197)
	at java.base/java.util.stream.ReferencePipeline$3$1.accept(ReferencePipeline.java:197)
	at java.base/java.util.ArrayList$ArrayListSpliterator.forEachRemaining(ArrayList.java:1625)
	at java.base/java.util.stream.AbstractPipeline.copyInto(AbstractPipeline.java:509)
	at java.base/java.util.stream.AbstractPipeline.wrapAndCopyInto(AbstractPipeline.java:499)
	at java.base/java.util.stream.ForEachOps$ForEachOp.evaluateSequential(ForEachOps.java:150)
	at java.base/java.util.stream.ForEachOps$ForEachOp$OfRef.evaluateSequential(ForEachOps.java:173)
	at java.base/java.util.stream.AbstractPipeline.evaluate(AbstractPipeline.java:234)
	at java.base/java.util.stream.ReferencePipeline.forEach(ReferencePipeline.java:596)
	at java.base/java.util.stream.ReferencePipeline$7$1.accept(ReferencePipeline.java:276)
	at java.base/java.util.ArrayList$ArrayListSpliterator.forEachRemaining(ArrayList.java:1625)
	at java.base/java.util.stream.AbstractPipeline.copyInto(AbstractPipeline.java:509)
	at java.base/java.util.stream.AbstractPipeline.wrapAndCopyInto(AbstractPipeline.java:499)
	at java.base/java.util.stream.ForEachOps$ForEachOp.evaluateSequential(ForEachOps.java:150)
	at java.base/java.util.stream.ForEachOps$ForEachOp$OfRef.evaluateSequential(ForEachOps.java:173)
	at java.base/java.util.stream.AbstractPipeline.evaluate(AbstractPipeline.java:234)
	at java.base/java.util.stream.ReferencePipeline.forEach(ReferencePipeline.java:596)
	at java.base/java.util.ArrayList.forEach(ArrayList.java:1511)
	at java.base/java.util.ArrayList.forEach(ArrayList.java:1511)
]]></error>
  </testcase>
  <testcase name="shouldNotProcessNullOrEmptyInput(String)[2]" classname="com.juaracoding.cicd.CommandProcessorTest" time="0.002"/>
  <testcase name="shouldHandleHelpCommand" classname="com.juaracoding.cicd.CommandProcessorTest" time="0.0"/>
  <testcase name="shouldHandleCommandsWithDifferentCase" classname="com.juaracoding.cicd.CommandProcessorTest" time="0.001"/>
  <testcase name="shouldHandlePersonaCommandWithEmptyArgument" classname="com.juaracoding.cicd.CommandProcessorTest" time="0.002"/>
  <testcase name="shouldHandleCommandWithSpecialCharacters" classname="com.juaracoding.cicd.CommandProcessorTest" time="0.003">
    <error message="&#10;Unnecessary stubbings detected.&#10;Clean &amp; maintainable test code requires zero unnecessary code.&#10;Following stubbings are unnecessary (click to navigate to relevant line of code):&#10;  1. -&gt; at com.juaracoding.cicd.CommandProcessorTest.shouldHandleCommandWithSpecialCharacters(CommandProcessorTest.java:261)&#10;Please remove unnecessary stubbings or use &apos;lenient&apos; strictness. More info: javadoc for UnnecessaryStubbingException class." type="org.mockito.exceptions.misusing.UnnecessaryStubbingException"><![CDATA[org.mockito.exceptions.misusing.UnnecessaryStubbingException: 

Unnecessary stubbings detected.
Clean & maintainable test code requires zero unnecessary code.
Following stubbings are unnecessary (click to navigate to relevant line of code):
  1. -> at com.juaracoding.cicd.CommandProcessorTest.shouldHandleCommandWithSpecialCharacters(CommandProcessorTest.java:261)
Please remove unnecessary stubbings or use 'lenient' strictness. More info: javadoc for UnnecessaryStubbingException class.
	at org.mockito.junit.jupiter.MockitoExtension.afterEach(MockitoExtension.java:192)
	at java.base/java.util.ArrayList.forEach(ArrayList.java:1511)
	at java.base/java.util.ArrayList.forEach(ArrayList.java:1511)
]]></error>
  </testcase>
</testsuite>